[36mvite v7.3.1 [32mbuilding client environment for production...[36m[39m
transforming...
[32mΓ£ô[39m 3 modules transformed.
node.exe : 
[31mΓ£ù[39m Build 
failed in 50ms
At line:1 char:1
+ & "C:\Program 
Files\nodejs/node.exe" 
"C:\Program 
Files\nodejs/node_mo 
...
+ ~~~~~~~~~~~~~~~~~~~~~
~~~~~~~~~~~~~~~~~~~~~~~
~~~~~~~~~~~~~~~~~~~~~~~
~~
    + CategoryInfo     
         : NotSpecifi  
  ed: ([31mΓ£ù[39m   
  Build failed in 5    
0ms:String) [], Re    
moteException
    + FullyQualifiedEr 
   rorId : NativeComm  
  andError
 
[31merror during 
build:
[31m[@tailwindcss/vite
:generate:build] Can't 
resolve 
'tw-animate-css' in 'C:
\Users\mouin\Desktop\Ne
w folder (9)\Code-Compa
nion\client\src'[31m
file: [36mC:/Users/mou
in/Desktop/New folder (
9)/Code-Companion/clien
t/src/index.css[31m
    at 
finishWithoutResolve (C
:\Users\mouin\Desktop\N
ew folder (9)\Code-Comp
anion\node_modules\enha
nced-resolve\lib\Resolv
er.js:586:18)
    at C:\Users\mouin\D
esktop\New folder (9)\C
ode-Companion\node_modu
les\enhanced-resolve\li
b\Resolver.js:678:14
    at C:\Users\mouin\D
esktop\New folder (9)\C
ode-Companion\node_modu
les\enhanced-resolve\li
b\Resolver.js:739:5
    at eval (eval at 
create (C:\Users\mouin\
Desktop\New folder (9)\
Code-Companion\node_mod
ules\tapable\lib\HookCo
deFactory.js:31:10), 
<anonymous>:15:1)
    at C:\Users\mouin\D
esktop\New folder (9)\C
ode-Companion\node_modu
les\enhanced-resolve\li
b\Resolver.js:739:5
    at eval (eval at 
create (C:\Users\mouin\
Desktop\New folder (9)\
Code-Companion\node_mod
ules\tapable\lib\HookCo
deFactory.js:31:10), 
<anonymous>:27:1)
    at C:\Users\mouin\D
esktop\New folder (9)\C
ode-Companion\node_modu
les\enhanced-resolve\li
b\DescriptionFilePlugin
.js:89:43
    at C:\Users\mouin\D
esktop\New folder (9)\C
ode-Companion\node_modu
les\enhanced-resolve\li
b\Resolver.js:739:5
    at eval (eval at 
create (C:\Users\mouin\
Desktop\New folder (9)\
Code-Companion\node_mod
ules\tapable\lib\HookCo
deFactory.js:31:10), 
<anonymous>:15:1)
    at C:\Users\mouin\D
esktop\New folder (9)\C
ode-Companion\node_modu
les\enhanced-resolve\li
b\Resolver.js:739:5[39
m
